<?xml version="1.0" encoding="UTF-8"?>
<coverage generated="1761230577370" clover="3.2.0">
  <project timestamp="1761230577370" name="All files">
    <metrics statements="18" coveredstatements="15" conditionals="4" coveredconditionals="3" methods="9" coveredmethods="8" elements="31" coveredelements="26" complexity="0" loc="18" ncloc="18" packages="1" files="4" classes="4"/>
    <file name="App.css" path="C:\Koulu tehtävät\FrontEnd\viikkotehtavat\vitetodotest\src\App.css">
      <metrics statements="0" coveredstatements="0" conditionals="0" coveredconditionals="0" methods="0" coveredmethods="0"/>
    </file>
    <file name="App.tsx" path="C:\Koulu tehtävät\FrontEnd\viikkotehtavat\vitetodotest\src\App.tsx">
      <metrics statements="1" coveredstatements="1" conditionals="0" coveredconditionals="0" methods="1" coveredmethods="1"/>
      <line num="6" count="1" type="stmt"/>
    </file>
    <file name="TodoList.tsx" path="C:\Koulu tehtävät\FrontEnd\viikkotehtavat\vitetodotest\src\TodoList.tsx">
      <metrics statements="15" coveredstatements="12" conditionals="4" coveredconditionals="3" methods="6" coveredmethods="5"/>
      <line num="6" count="10" type="stmt"/>
      <line num="7" count="10" type="stmt"/>
      <line num="9" count="10" type="stmt"/>
      <line num="10" count="2" type="cond" truecount="3" falsecount="1"/>
      <line num="11" count="0" type="stmt"/>
      <line num="12" count="0" type="stmt"/>
      <line num="15" count="2" type="stmt"/>
      <line num="16" count="2" type="stmt"/>
      <line num="19" count="10" type="stmt"/>
      <line num="20" count="1" type="stmt"/>
      <line num="21" count="1" type="stmt"/>
      <line num="24" count="10" type="stmt"/>
      <line num="29" count="2" type="stmt"/>
      <line num="34" count="2" type="stmt"/>
      <line num="39" count="0" type="stmt"/>
    </file>
    <file name="TodoTable.tsx" path="C:\Koulu tehtävät\FrontEnd\viikkotehtavat\vitetodotest\src\TodoTable.tsx">
      <metrics statements="2" coveredstatements="2" conditionals="0" coveredconditionals="0" methods="2" coveredmethods="2"/>
      <line num="4" count="11" type="stmt"/>
      <line num="16" count="3" type="stmt"/>
    </file>
  </project>
</coverage>
