{"C:\\Koulu tehtävät\\FrontEnd\\viikkotehtavat\\vitetodotest\\src\\App.css": {"path":"C:\\Koulu tehtävät\\FrontEnd\\viikkotehtavat\\vitetodotest\\src\\App.css","statementMap":{},"fnMap":{},"branchMap":{},"s":{},"f":{},"b":{},"meta":{"lastBranch":0,"lastFunction":0,"lastStatement":0,"seen":{}}}
,"C:\\Koulu tehtävät\\FrontEnd\\viikkotehtavat\\vitetodotest\\src\\App.tsx": {"path":"C:\\Koulu tehtävät\\FrontEnd\\viikkotehtavat\\vitetodotest\\src\\App.tsx","statementMap":{"0":{"start":{"line":6,"column":2},"end":{"line":9,"column":null}}},"fnMap":{"0":{"name":"App","decl":{"start":{"line":4,"column":9},"end":{"line":4,"column":15}},"loc":{"start":{"line":4,"column":15},"end":{"line":11,"column":null}},"line":4}},"branchMap":{},"s":{"0":1},"f":{"0":1},"b":{},"meta":{"lastBranch":0,"lastFunction":1,"lastStatement":1,"seen":{"f:4:9:4:15":0,"s:6:2:9:Infinity":0}}}
,"C:\\Koulu tehtävät\\FrontEnd\\viikkotehtavat\\vitetodotest\\src\\TodoList.tsx": {"path":"C:\\Koulu tehtävät\\FrontEnd\\viikkotehtavat\\vitetodotest\\src\\TodoList.tsx","statementMap":{"0":{"start":{"line":6,"column":22},"end":{"line":6,"column":null}},"1":{"start":{"line":7,"column":24},"end":{"line":7,"column":null}},"2":{"start":{"line":9,"column":18},"end":{"line":17,"column":null}},"3":{"start":{"line":10,"column":4},"end":{"line":13,"column":null}},"4":{"start":{"line":11,"column":6},"end":{"line":11,"column":null}},"5":{"start":{"line":12,"column":6},"end":{"line":12,"column":null}},"6":{"start":{"line":15,"column":4},"end":{"line":15,"column":null}},"7":{"start":{"line":16,"column":4},"end":{"line":16,"column":null}},"8":{"start":{"line":19,"column":21},"end":{"line":22,"column":null}},"9":{"start":{"line":20,"column":4},"end":{"line":20,"column":null}},"10":{"start":{"line":21,"column":4},"end":{"line":21,"column":null}},"11":{"start":{"line":24,"column":2},"end":{"line":49,"column":null}},"12":{"start":{"line":29,"column":27},"end":{"line":29,"column":null}},"13":{"start":{"line":34,"column":27},"end":{"line":34,"column":null}},"14":{"start":{"line":39,"column":27},"end":{"line":39,"column":null}}},"fnMap":{"0":{"name":"TodoList","decl":{"start":{"line":5,"column":9},"end":{"line":5,"column":20}},"loc":{"start":{"line":5,"column":20},"end":{"line":52,"column":null}},"line":5},"1":{"name":"(anonymous_1)","decl":{"start":{"line":9,"column":18},"end":{"line":9,"column":24}},"loc":{"start":{"line":9,"column":24},"end":{"line":17,"column":null}},"line":9},"2":{"name":"(anonymous_2)","decl":{"start":{"line":19,"column":21},"end":{"line":19,"column":27}},"loc":{"start":{"line":19,"column":27},"end":{"line":22,"column":null}},"line":19},"3":{"name":"(anonymous_3)","decl":{"start":{"line":29,"column":18},"end":{"line":29,"column":27}},"loc":{"start":{"line":29,"column":27},"end":{"line":29,"column":null}},"line":29},"4":{"name":"(anonymous_4)","decl":{"start":{"line":34,"column":18},"end":{"line":34,"column":27}},"loc":{"start":{"line":34,"column":27},"end":{"line":34,"column":null}},"line":34},"5":{"name":"(anonymous_5)","decl":{"start":{"line":39,"column":18},"end":{"line":39,"column":27}},"loc":{"start":{"line":39,"column":27},"end":{"line":39,"column":null}},"line":39}},"branchMap":{"0":{"loc":{"start":{"line":10,"column":4},"end":{"line":13,"column":null}},"type":"if","locations":[{"start":{"line":10,"column":4},"end":{"line":13,"column":null}},{"start":{},"end":{}}],"line":10},"1":{"loc":{"start":{"line":10,"column":8},"end":{"line":10,"column":41}},"type":"binary-expr","locations":[{"start":{"line":10,"column":8},"end":{"line":10,"column":29}},{"start":{"line":10,"column":29},"end":{"line":10,"column":41}}],"line":10}},"s":{"0":10,"1":10,"2":10,"3":2,"4":0,"5":0,"6":2,"7":2,"8":10,"9":1,"10":1,"11":10,"12":2,"13":2,"14":0},"f":{"0":10,"1":2,"2":1,"3":2,"4":2,"5":0},"b":{"0":[0,2],"1":[2,2]},"meta":{"lastBranch":2,"lastFunction":6,"lastStatement":15,"seen":{"f:5:9:5:20":0,"s:6:22:6:Infinity":0,"s:7:24:7:Infinity":1,"s:9:18:17:Infinity":2,"f:9:18:9:24":1,"b:10:4:13:Infinity:undefined:undefined:undefined:undefined":0,"s:10:4:13:Infinity":3,"b:10:8:10:29:10:29:10:41":1,"s:11:6:11:Infinity":4,"s:12:6:12:Infinity":5,"s:15:4:15:Infinity":6,"s:16:4:16:Infinity":7,"s:19:21:22:Infinity":8,"f:19:21:19:27":2,"s:20:4:20:Infinity":9,"s:21:4:21:Infinity":10,"s:24:2:49:Infinity":11,"f:29:18:29:27":3,"s:29:27:29:Infinity":12,"f:34:18:34:27":4,"s:34:27:34:Infinity":13,"f:39:18:39:27":5,"s:39:27:39:Infinity":14}}}
,"C:\\Koulu tehtävät\\FrontEnd\\viikkotehtavat\\vitetodotest\\src\\TodoTable.tsx": {"path":"C:\\Koulu tehtävät\\FrontEnd\\viikkotehtavat\\vitetodotest\\src\\TodoTable.tsx","statementMap":{"0":{"start":{"line":4,"column":2},"end":{"line":24,"column":null}},"1":{"start":{"line":16,"column":12},"end":{"line":20,"column":null}}},"fnMap":{"0":{"name":"TodoTable","decl":{"start":{"line":3,"column":24},"end":{"line":3,"column":34}},"loc":{"start":{"line":3,"column":57},"end":{"line":26,"column":null}},"line":3},"1":{"name":"(anonymous_1)","decl":{"start":{"line":15,"column":27},"end":{"line":15,"column":28}},"loc":{"start":{"line":16,"column":12},"end":{"line":20,"column":null}},"line":16}},"branchMap":{},"s":{"0":11,"1":3},"f":{"0":11,"1":3},"b":{},"meta":{"lastBranch":0,"lastFunction":2,"lastStatement":2,"seen":{"f:3:24:3:34":0,"s:4:2:24:Infinity":0,"f:15:27:15:28":1,"s:16:12:20:Infinity":1}}}
}
